[TerminalIPythonApp] WARNING | Subcommand `ipython notebook` is deprecated and will be removed in future versions.
[TerminalIPythonApp] WARNING | You likely want to use `jupyter notebook` in the future
[I 12:54:24.424 NotebookApp] Serving notebooks from local directory: /home/hejun/work/deep_learning
[I 12:54:24.425 NotebookApp] The Jupyter Notebook is running at:
[I 12:54:24.425 NotebookApp] http://localhost:8888/?token=69af75da4d8ad48da50e0f314315ebd09aa3b1f756daeb51
[I 12:54:24.425 NotebookApp] Use Control-C to stop this server and shut down all kernels (twice to skip confirmation).
[C 12:54:24.425 NotebookApp] 
    
    Copy/paste this URL into your browser when you connect for the first time,
    to login with a token:
        http://localhost:8888/?token=69af75da4d8ad48da50e0f314315ebd09aa3b1f756daeb51

(webbrowser-app:4034): Gtk-WARNING **: Failed to parse /etc/gtk-3.0/settings.ini: Permission denied
inotify_add_watch("/home/hejun/.config/ubuntu-ui-toolkit/theme.ini") failed: "No such file or directory"
UCUriHandler: Empty "APP_ID" environment variable, ignoring.
qml: webbrowser-app using oxide 1.21.5 (chromium 57.0.2987.110)
unity::action::ActionManager::ActionManager(QObject*):
	Could not determine application identifier. HUD will not work properly.
	Provide your application identifier in $APP_ID environment variable.

(webbrowser-app:4034): dconf-CRITICAL **: unable to create file '/run/user/1000/dconf/user': Permission denied.  dconf will not work properly.

(webbrowser-app:4034): dconf-CRITICAL **: unable to create file '/run/user/1000/dconf/user': Permission denied.  dconf will not work properly.

(webbrowser-app:4034): dconf-CRITICAL **: unable to create file '/run/user/1000/dconf/user': Permission denied.  dconf will not work properly.

(webbrowser-app:4034): dconf-CRITICAL **: unable to create file '/run/user/1000/dconf/user': Permission denied.  dconf will not work properly.

(webbrowser-app:4034): dconf-CRITICAL **: unable to create file '/run/user/1000/dconf/user': Permission denied.  dconf will not work properly.

(webbrowser-app:4034): dconf-CRITICAL **: unable to create file '/run/user/1000/dconf/user': Permission denied.  dconf will not work properly.

(webbrowser-app:4034): dconf-CRITICAL **: unable to create file '/run/user/1000/dconf/user': Permission denied.  dconf will not work properly.

(webbrowser-app:4034): dconf-CRITICAL **: unable to create file '/run/user/1000/dconf/user': Permission denied.  dconf will not work properly.

(webbrowser-app:4034): dconf-CRITICAL **: unable to create file '/run/user/1000/dconf/user': Permission denied.  dconf will not work properly.

(webbrowser-app:4034): dconf-CRITICAL **: unable to create file '/run/user/1000/dconf/user': Permission denied.  dconf will not work properly.

(webbrowser-app:4034): dconf-CRITICAL **: unable to create file '/run/user/1000/dconf/user': Permission denied.  dconf will not work properly.

(webbrowser-app:4034): dconf-CRITICAL **: unable to create file '/run/user/1000/dconf/user': Permission denied.  dconf will not work properly.

(webbrowser-app:4034): dconf-CRITICAL **: unable to create file '/run/user/1000/dconf/user': Permission denied.  dconf will not work properly.
[1018/125425.254651:ERROR:child_thread_impl.cc(762)] Request for unknown Channel-associated interface: ui::mojom::GpuMain
propsReply "An AppArmor policy prevents this sender from sending this message to this recipient; type=\"method_call\", sender=\":1.227\" (uid=1000 pid=4034 comm=\"webbrowser-app http://localhost:8888/tree?token=0b\") interface=\"org.freedesktop.DBus.Properties\" member=\"GetAll\" error name=\"(unset)\" requested_reply=\"0\" destination=\"org.freedesktop.NetworkManager\" (uid=0 pid=882 comm=\"/usr/sbin/NetworkManager --no-daemon \")"
nmReply "An AppArmor policy prevents this sender from sending this message to this recipient; type=\"method_call\", sender=\":1.227\" (uid=1000 pid=4034 comm=\"webbrowser-app http://localhost:8888/tree?token=0b\") interface=\"org.freedesktop.NetworkManager\" member=\"GetDevices\" error name=\"(unset)\" requested_reply=\"0\" destination=\"org.freedesktop.NetworkManager\" (uid=0 pid=882 comm=\"/usr/sbin/NetworkManager --no-daemon \")"
"Object path cannot be empty"

(webbrowser-app:4034): dconf-CRITICAL **: unable to create file '/run/user/1000/dconf/user': Permission denied.  dconf will not work properly.
error calling result "An AppArmor policy prevents this sender from sending this message to this recipient; type=\"method_call\", sender=\":1.144\" (uid=1000 pid=4034 comm=\"webbrowser-app http://localhost:8888/tree?token=0b\") interface=\"com.canonical.libertine.Service.Operations\" member=\"list\" error name=\"(unset)\" requested_reply=\"0\" destination=\"com.canonical.libertine.Service\" (uid=1000 pid=1484 comm=\"/usr/bin/python3 /usr/bin/libertined --cache-outpu\")"
error calling result "An AppArmor policy prevents this sender from sending this message to this recipient; type=\"method_call\", sender=\":1.144\" (uid=1000 pid=4034 comm=\"webbrowser-app http://localhost:8888/tree?token=0b\") interface=\"com.canonical.libertine.Service.OperationsMonitor\" member=\"running\" error name=\"(unset)\" requested_reply=\"0\" destination=\"com.canonical.libertine.Service\" (uid=1000 pid=1484 comm=\"/usr/bin/python3 /usr/bin/libertined --cache-outpu\")"
lastError - no arguments?
error calling result "An AppArmor policy prevents this sender from sending this message to this recipient; type=\"method_call\", sender=\":1.144\" (uid=1000 pid=4034 comm=\"webbrowser-app http://localhost:8888/tree?token=0b\") interface=\"com.canonical.libertine.Service.OperationsMonitor\" member=\"last_error\" error name=\"(unset)\" requested_reply=\"0\" destination=\"com.canonical.libertine.Service\" (uid=1000 pid=1484 comm=\"/usr/bin/python3 /usr/bin/libertined --cache-outpu\")"
lastError - no arguments?
error calling result "An AppArmor policy prevents this sender from sending this message to this recipient; type=\"method_call\", sender=\":1.144\" (uid=1000 pid=4034 comm=\"webbrowser-app http://localhost:8888/tree?token=0b\") interface=\"com.canonical.libertine.Service.OperationsMonitor\" member=\"result\" error name=\"(unset)\" requested_reply=\"0\" destination=\"com.canonical.libertine.Service\" (uid=1000 pid=1484 comm=\"/usr/bin/python3 /usr/bin/libertined --cache-outpu\")"
lastError - no arguments?
APP_ID isn't set, the handler can not be registered
APP_ID isn't set, the handler ignored
qml: Loaded 18 UA override(s) from file:///usr/lib/x86_64-linux-gnu/qt5/qml/Ubuntu/Web/ua-overrides-desktop.js
[1018/125425.735551:ERROR:layer_tree_host_impl.cc(2190)] Forcing zero-copy tile initialization as worker context is missing

** (webbrowser-app:4034): WARNING **: Unable to register app: GDBus.Error:org.freedesktop.DBus.Error.InvalidArgs: Invalid application ID
[I 12:54:25.742 NotebookApp] Accepting one-time-token-authenticated connection from 127.0.0.1
file:///usr/lib/x86_64-linux-gnu/qt5/qml/Ubuntu/Components/Extras/TabsBar/TabIcon.qml:35:5: QML Image: Binding loop detected for property "source"
qml: [JS] (http://localhost:8888/static/tree/js/main.min.js?v=c8a3b910b6156957e4347dea8ff2f6a3:29849) Welcome to Project Jupyter! Explore the various tools available and their corresponding documentation. If you are interested in contributing to the platform, please visit the community resources section at http://jupyter.org/community.html.
qml: [JS] (http://localhost:8888/static/tree/js/main.min.js?v=c8a3b910b6156957e4347dea8ff2f6a3:27685) Loaded moment locale
APP_ID isn't set, the handler ignored
qml: [JS] (http://localhost:8888/static/tree/js/main.min.js?v=c8a3b910b6156957e4347dea8ff2f6a3:29924) Reenabling autorefresh too close to last tree refresh, not refreshing immediately again.
APP_ID isn't set, the handler ignored
APP_ID isn't set, the handler ignored
qml: [JS] (http://localhost:8888/static/tree/js/main.min.js?v=c8a3b910b6156957e4347dea8ff2f6a3:29924) Reenabling autorefresh too close to last tree refresh, not refreshing immediately again.
APP_ID isn't set, the handler ignored
qml: [JS] (http://localhost:8888/static/tree/js/main.min.js?v=c8a3b910b6156957e4347dea8ff2f6a3:29924) Reenabling autorefresh too close to last tree refresh, not refreshing immediately again.
APP_ID isn't set, the handler ignored
APP_ID isn't set, the handler ignored
qml: [JS] (http://localhost:8888/static/tree/js/main.min.js?v=c8a3b910b6156957e4347dea8ff2f6a3:29924) Reenabling autorefresh too close to last tree refresh, not refreshing immediately again.
APP_ID isn't set, the handler ignored
qml: [JS] (http://localhost:8888/static/tree/js/main.min.js?v=c8a3b910b6156957e4347dea8ff2f6a3:29924) Reenabling autorefresh too close to last tree refresh, not refreshing immediately again.
APP_ID isn't set, the handler ignored
qml: [JS] (http://localhost:8888/static/tree/js/main.min.js?v=c8a3b910b6156957e4347dea8ff2f6a3:29924) Reenabling autorefresh too close to last tree refresh, not refreshing immediately again.
APP_ID isn't set, the handler ignored
APP_ID isn't set, the handler ignored
qml: [JS] (http://localhost:8888/static/tree/js/main.min.js?v=c8a3b910b6156957e4347dea8ff2f6a3:29924) Reenabling autorefresh too close to last tree refresh, not refreshing immediately again.
APP_ID isn't set, the handler ignored
qml: [JS] (http://localhost:8888/static/tree/js/main.min.js?v=c8a3b910b6156957e4347dea8ff2f6a3:29924) Reenabling autorefresh too close to last tree refresh, not refreshing immediately again.
APP_ID isn't set, the handler ignored
qml: [JS] (http://localhost:8888/static/tree/js/main.min.js?v=c8a3b910b6156957e4347dea8ff2f6a3:29924) Reenabling autorefresh too close to last tree refresh, not refreshing immediately again.
APP_ID isn't set, the handler ignored
qml: [JS] (http://localhost:8888/static/tree/js/main.min.js?v=c8a3b910b6156957e4347dea8ff2f6a3:29924) Reenabling autorefresh too close to last tree refresh, not refreshing immediately again.
APP_ID isn't set, the handler ignored
qml: [JS] (http://localhost:8888/static/tree/js/main.min.js?v=c8a3b910b6156957e4347dea8ff2f6a3:29924) Reenabling autorefresh too close to last tree refresh, not refreshing immediately again.
APP_ID isn't set, the handler ignored
APP_ID isn't set, the handler ignored
file:///usr/share/webbrowser-app/webbrowser/TabComponent.qml:264: ReferenceError: tabContainer is not defined
[1018/125745.792439:ERROR:layer_tree_host_impl.cc(2190)] Forcing zero-copy tile initialization as worker context is missing
qml: [JS] (http://localhost:8888/static/notebook/js/main.min.js?v=fc2a61bcf6f091823db7fb553a838e7f:46944) actions
[E 12:57:46.458 NotebookApp] Notebook JSON is invalid: 'outputs' is a required property
    
    Failed validating 'required' in code_cell:
    
    On instance['cells'][6]:
    {'cell_type': 'code', 'execution_count': None, 'metadata': {}, 'source': ''}
qml: [JS] (http://localhost:8888/static/notebook/js/main.min.js?v=fc2a61bcf6f091823db7fb553a838e7f:47851) Loaded moment locale
[W 12:57:46.462 NotebookApp] Notebook deep_learning.ipynb is not trusted
[W 12:57:46.483 NotebookApp] 404 GET /nbextensions/widgets/notebook/js/extension.js?v=20181018125424 (127.0.0.1) 11.30ms referer=http://localhost:8888/notebooks/deep_learning.ipynb
qml: [JS] (http://localhost:8888/static/notebook/js/main.min.js?v=fc2a61bcf6f091823db7fb553a838e7f:50579) Widgets are not available.  Please install widgetsnbextension or ipywidgets 4.0
qml: [JS] (http://localhost:8888/static/notebook/js/main.min.js?v=fc2a61bcf6f091823db7fb553a838e7f:45455) Notebook failed to load from JSON:
[I 12:57:47.081 NotebookApp] Kernel started: 18882922-cc85-46bf-8f90-2a4d9ea48a11
qml: [JS] (http://localhost:8888/static/notebook/js/main.min.js?v=fc2a61bcf6f091823db7fb553a838e7f:38179) Session: kernel_created (7ee89e78-a2c6-47cd-a30e-8c1b8aec4788)
qml: [JS] (http://localhost:8888/static/notebook/js/main.min.js?v=fc2a61bcf6f091823db7fb553a838e7f:37335) Starting WebSockets:
[I 12:57:47.823 NotebookApp] Adapting to protocol v5.1 for kernel 18882922-cc85-46bf-8f90-2a4d9ea48a11
qml: [JS] (http://localhost:8888/static/notebook/js/main.min.js?v=fc2a61bcf6f091823db7fb553a838e7f:36979) Kernel: kernel_connected (18882922-cc85-46bf-8f90-2a4d9ea48a11)
qml: [JS] (http://localhost:8888/static/notebook/js/main.min.js?v=fc2a61bcf6f091823db7fb553a838e7f:36979) Kernel: kernel_ready (18882922-cc85-46bf-8f90-2a4d9ea48a11)
[I 12:58:16.220 NotebookApp] Starting buffering for 18882922-cc85-46bf-8f90-2a4d9ea48a11:65c3a143396649e68f88a316de041c33
[C 12:58:27.914 NotebookApp] received signal 15, stopping
[I 12:58:27.917 NotebookApp] Shutting down 1 kernel
[I 12:58:28.218 NotebookApp] Kernel shutdown: 18882922-cc85-46bf-8f90-2a4d9ea48a11
